[debug] [2023-06-03T09:41:05.775Z] ----------------------------------------------------------------------
[debug] [2023-06-03T09:41:05.776Z] Command:       C:\Program Files\nodejs\node.exe C:\Users\u_011\AppData\Roaming\npm\node_modules\firebase-tools\lib\bin\firebase.js init hosting
[debug] [2023-06-03T09:41:05.776Z] CLI Version:   12.3.0
[debug] [2023-06-03T09:41:05.777Z] Platform:      win32
[debug] [2023-06-03T09:41:05.777Z] Node Version:  v18.12.1
[debug] [2023-06-03T09:41:05.778Z] Time:          Sat Jun 03 2023 18:41:05 GMT+0900 (대한민국 표준시)
[debug] [2023-06-03T09:41:05.778Z] ----------------------------------------------------------------------
[debug] 
[debug] [2023-06-03T09:41:05.784Z] > command requires scopes: ["email","openid","https://www.googleapis.com/auth/cloudplatformprojects.readonly","https://www.googleapis.com/auth/firebase","https://www.googleapis.com/auth/cloud-platform"]
[debug] [2023-06-03T09:41:05.784Z] > authorizing via signed-in user (u13040035@gmail.com)
[info] 
     ######## #### ########  ######## ########     ###     ######  ########
     ##        ##  ##     ## ##       ##     ##  ##   ##  ##       ##
     ######    ##  ########  ######   ########  #########  ######  ######
     ##        ##  ##    ##  ##       ##     ## ##     ##       ## ##
     ##       #### ##     ## ######## ########  ##     ##  ######  ########

You're about to initialize a Firebase project in this directory:

  C:\유미\Daebak\Daebak\server

Before we get started, keep in mind:

  * You are currently outside your home directory

[info] 
=== Project Setup
[info] 
[info] First, let's associate this project directory with a Firebase project.
[info] You can create multiple project aliases by running firebase use --add, 
[info] but for now we'll just set up a default project.
[info] 
[debug] [2023-06-03T09:41:13.069Z] >>> [apiv2][query] GET https://firebase.googleapis.com/v1beta1/projects pageSize=100
[debug] [2023-06-03T09:41:13.776Z] <<< [apiv2][status] GET https://firebase.googleapis.com/v1beta1/projects 200
[debug] [2023-06-03T09:41:13.777Z] <<< [apiv2][body] GET https://firebase.googleapis.com/v1beta1/projects [omitted]
[info] i  Using project daebak-nara (daebaknara) 
[info] 
=== Hosting Setup
[info] 
[info] Your public directory is the folder (relative to your project directory) that
[info] will contain Hosting assets to be uploaded with firebase deploy. If you
[info] have a build process for your assets, use your build's output directory.
[info] 
[debug] [2023-06-03T09:42:29.919Z] ----------------------------------------------------------------------
[debug] [2023-06-03T09:42:29.921Z] Command:       C:\Program Files\nodejs\node.exe C:\Users\u_011\AppData\Roaming\npm\node_modules\firebase-tools\lib\bin\firebase.js init hosting
[debug] [2023-06-03T09:42:29.921Z] CLI Version:   12.3.0
[debug] [2023-06-03T09:42:29.921Z] Platform:      win32
[debug] [2023-06-03T09:42:29.921Z] Node Version:  v18.12.1
[debug] [2023-06-03T09:42:29.923Z] Time:          Sat Jun 03 2023 18:42:29 GMT+0900 (대한민국 표준시)
[debug] [2023-06-03T09:42:29.923Z] ----------------------------------------------------------------------
[debug] 
[debug] [2023-06-03T09:42:29.929Z] > command requires scopes: ["email","openid","https://www.googleapis.com/auth/cloudplatformprojects.readonly","https://www.googleapis.com/auth/firebase","https://www.googleapis.com/auth/cloud-platform"]
[debug] [2023-06-03T09:42:29.929Z] > authorizing via signed-in user (u13040035@gmail.com)
[info] 
     ######## #### ########  ######## ########     ###     ######  ########
     ##        ##  ##     ## ##       ##     ##  ##   ##  ##       ##
     ######    ##  ########  ######   ########  #########  ######  ######
     ##        ##  ##    ##  ##       ##     ## ##     ##       ## ##
     ##       #### ##     ## ######## ########  ##     ##  ######  ########

You're about to initialize a Firebase project in this directory:

  C:\유미\Daebak\Daebak\server

Before we get started, keep in mind:

  * You are currently outside your home directory

[info] 
=== Project Setup
[info] 
[info] First, let's associate this project directory with a Firebase project.
[info] You can create multiple project aliases by running firebase use --add, 
[info] but for now we'll just set up a default project.
[info] 
[debug] [2023-06-03T09:42:32.706Z] >>> [apiv2][query] GET https://firebase.googleapis.com/v1beta1/projects pageSize=100
[debug] [2023-06-03T09:42:33.425Z] <<< [apiv2][status] GET https://firebase.googleapis.com/v1beta1/projects 200
[debug] [2023-06-03T09:42:33.425Z] <<< [apiv2][body] GET https://firebase.googleapis.com/v1beta1/projects [omitted]
[info] i  Using project daebak-nara (daebaknara) 
[info] 
=== Hosting Setup
[info] 
[info] Your public directory is the folder (relative to your project directory) that
[info] will contain Hosting assets to be uploaded with firebase deploy. If you
[info] have a build process for your assets, use your build's output directory.
[info] 
[debug] [2023-06-03T09:42:48.357Z] Error: ENOTDIR: not a directory, scandir 'C:\유미\Daebak\Daebak\server\server.js'
    at Object.readdirSync (node:fs:1451:3)
    at Object.createFileSync (C:\Users\u_011\AppData\Roaming\npm\node_modules\firebase-tools\node_modules\fs-extra\lib\ensure\file.js:55:10)
    at Config.writeProjectFile (C:\Users\u_011\AppData\Roaming\npm\node_modules\firebase-tools\lib\config.js:152:12)
    at C:\Users\u_011\AppData\Roaming\npm\node_modules\firebase-tools\lib\config.js:176:22
    at process.processTicksAndRejections (node:internal/process/task_queues:95:5)
    at async doSetup (C:\Users\u_011\AppData\Roaming\npm\node_modules\firebase-tools\lib\init\features\hosting\index.js:141:13)
    at async init (C:\Users\u_011\AppData\Roaming\npm\node_modules\firebase-tools\lib\init\index.js:37:9)
[error] 
[error] Error: An unexpected error has occurred.
